#
# Copyright 2016-2019 The Reaktivity Project
#
# The Reaktivity Project licenses this file to you under the Apache License,
# version 2.0 (the "License"); you may not use this file except in compliance
# with the License. You may obtain a copy of the License at:
#
#   http://www.apache.org/licenses/LICENSE-2.0
#
# Unless required by applicable law or agreed to in writing, software
# distributed under the License is distributed on an "AS IS" BASIS, WITHOUT
# WARRANTIES OR CONDITIONS OF ANY KIND, either express or implied. See the
# License for the specific language governing permissions and limitations
# under the License.
#

property nukleiR05N ${nuklei:directory("target/nukleus-itests").controlCapacity(4096, 4096)}

property controlR05N ${nukleiR05N.controlNew()}

connect "agrona://stream/bidirectional"
        option agrona:reader ${agrona:manyToOneReader(controlR05N.nukleus)}
        option agrona:writer ${agrona:broadcastTransmitter(controlR05N.controller)}

connected

read 0x00000011
read (long:correlationIdR051N)
read ${core:string("oauth")}
read [0x06] "realm1"
read 0
read [0x00]        # no issuer extension
read [0x00]        # no audience extension

write 0x40000011
write ${correlationIdR051N}
write 0x0001_000000000000L # security realm only
write flush

read 0x00000011
read (long:correlationIdR052N)
read ${core:string("oauth")}
read [0x06] "realm2"
read 0
read [0x00]        # no issuer extension
read [0x00]        # no audience extension

write 0x40000011
write ${correlationIdR052N}
write 0x0002_000000000000L # security realm only
write flush

read 0x00000011
read (long:correlationIdR053N)
read ${core:string("oauth")}
read [0x06] "realm3"
read 0
read [0x00]        # no issuer extension
read [0x00]        # no audience extension

write 0x40000011
write ${correlationIdR053N}
write 0x0004_000000000000L # security realm only
write flush

read 0x00000011
read (long:correlationIdR054N)
read ${core:string("oauth")}
read [0x06] "realm4"
read 0
read [0x00]        # no issuer extension
read [0x00]        # no audience extension

write 0x40000011
write ${correlationIdR054N}
write 0x0008_000000000000L # security realm only
write flush

read 0x00000011
read (long:correlationIdR055N)
read ${core:string("oauth")}
read [0x06] "realm5"
read 0
read [0x00]        # no issuer extension
read [0x00]        # no audience extension

write 0x40000011
write ${correlationIdR055N}
write 0x0010_000000000000L # security realm only
write flush

read 0x00000011
read (long:correlationIdR056N)
read ${core:string("oauth")}
read [0x06] "realm6"
read 0
read [0x00]        # no issuer extension
read [0x00]        # no audience extension

write 0x40000011
write ${correlationIdR056N}
write 0x0020_000000000000L # security realm only
write flush

read 0x00000011
read (long:correlationIdR057N)
read ${core:string("oauth")}
read [0x06] "realm7"
read 0
read [0x00]        # no issuer extension
read [0x00]        # no audience extension

write 0x40000011
write ${correlationIdR057N}
write 0x0040_000000000000L # security realm only
write flush

read 0x00000011
read (long:correlationIdR058N)
read ${core:string("oauth")}
read [0x06] "realm8"
read 0
read [0x00]        # no issuer extension
read [0x00]        # no audience extension

write 0x40000011
write ${correlationIdR058N}
write 0x0080_000000000000L # security realm only
write flush

read 0x00000011
read (long:correlationIdR059N)
read ${core:string("oauth")}
read [0x06] "realm9"
read 0
read [0x00]        # no issuer extension
read [0x00]        # no audience extension

write 0x40000011
write ${correlationIdR059N}
write 0x0100_000000000000L # security realm only
write flush

read 0x00000011
read (long:correlationIdR0510N)
read ${core:string("oauth")}
read [0x07] "realm10"
read 0
read [0x00]        # no issuer extension
read [0x00]        # no audience extension

write 0x40000011
write ${correlationIdR0510N}
write 0x0200_000000000000L # security realm only
write flush

read 0x00000011
read (long:correlationIdR0511N)
read ${core:string("oauth")}
read [0x07] "realm11"
read 0
read [0x00]        # no issuer extension
read [0x00]        # no audience extension

write 0x40000011
write ${correlationIdR0511N}
write 0x0400_000000000000L # security realm only
write flush

read 0x00000011
read (long:correlationIdR0512N)
read ${core:string("oauth")}
read [0x07] "realm12"
read 0
read [0x00]        # no issuer extension
read [0x00]        # no audience extension

write 0x40000011
write ${correlationIdR0512N}
write 0x0800_000000000000L # security realm only
write flush

read 0x00000011
read (long:correlationIdR0513N)
read ${core:string("oauth")}
read [0x07] "realm13"
read 0
read [0x00]        # no issuer extension
read [0x00]        # no audience extension

write 0x40000011
write ${correlationIdR0513N}
write 0x1000_000000000000L # security realm only
write flush

read 0x00000011
read (long:correlationIdR0514N)
read ${core:string("oauth")}
read [0x07] "realm14"
read 0
read [0x00]        # no issuer extension
read [0x00]        # no audience extension

write 0x40000011
write ${correlationIdR0514N}
write 0x2000_000000000000L # security realm only
write flush

read 0x00000011
read (long:correlationIdR0515N)
read ${core:string("oauth")}
read [0x07] "realm15"
read 0
read [0x00]        # no issuer extension
read [0x00]        # no audience extension

write 0x40000011
write ${correlationIdR0515N}
write 0x4000_000000000000L # security realm only
write flush

read 0x00000011
read (long:correlationIdR0516N)
read ${core:string("oauth")}
read [0x07] "realm16"
read 0
read [0x00]        # no issuer extension
read [0x00]        # no audience extension

write 0x40000011
write ${correlationIdR0516N}
write -9223372036854775808L # security realm only
write flush

read 0x00000011
read (long:correlationIdR0517N)
read ${core:string("oauth")}
read [0x0e] "realm17TooMany"
read 0
read [0x00]        # no issuer extension
read [0x00]        # no audience extension

write 0x40000000
write ${correlationIdR0517N}
write flush

write notify RESOLVED

close
closed
