#
# Copyright 2016-2017 The Reaktivity Project
#
# The Reaktivity Project licenses this file to you under the Apache License,
# version 2.0 (the "License"); you may not use this file except in compliance
# with the License. You may obtain a copy of the License at:
#
#   http://www.apache.org/licenses/LICENSE-2.0
#
# Unless required by applicable law or agreed to in writing, software
# distributed under the License is distributed on an "AS IS" BASIS, WITHOUT
# WARRANTIES OR CONDITIONS OF ANY KIND, either express or implied. See the
# License for the specific language governing permissions and limitations
# under the License.
#

property nukleiUR06N ${nuklei:directory("target/nukleus-itests").controlCapacity(1024, 1024)}

property controlUR06N ${nukleiUR06N.controlNew("security")}

connect "agrona://stream/bidirectional"
        option agrona:reader ${agrona:manyToOneReader(controlUR06N.nukleus)}
        option agrona:writer ${agrona:broadcastTransmitter(controlUR06N.controller)}

connected

read 0x00000004
read (long:correlationIdUR06N)
read [0..8] # authorization containing unrecognized role bits

write 0x40000000
write ${correlationIdUR06N}
write flush

close
closed
